<?xml version="1.0" encoding="UTF-8"?>
<testsuite xmlns:xsi="http://www.w3.org/2001/XMLSchema-instance" xsi:noNamespaceSchemaLocation="https://maven.apache.org/surefire/maven-surefire-plugin/xsd/surefire-test-report.xsd" version="3.0.2" name="com.example.ac1p2.Ac1p2ApplicationTests" time="9.126" tests="1" errors="0" skipped="0" failures="0" flakes="0">
  <properties>
[...]
</properties>
  <testcase name="contextLoads" classname="com.example.ac1p2.Ac1p2ApplicationTests" time="0.494">
    <system-out><![CDATA[20:58:41.076 [main] INFO org.springframework.test.context.support.AnnotationConfigContextLoaderUtils -- Could not detect default configuration classes for test class [com.example.ac1p2.Ac1p2ApplicationTests]: Ac1p2ApplicationTests does not declare any static, non-private, non-final, nested classes annotated with @Configuration.
20:58:41.390 [main] INFO org.springframework.boot.test.context.SpringBootTestContextBootstrapper -- Found @SpringBootConfiguration com.example.ac1p2.Ac1p2Application for test class com.example.ac1p2.Ac1p2ApplicationTests
20:58:41.678 [main] INFO org.springframework.test.context.support.AnnotationConfigContextLoaderUtils -- Could not detect default configuration classes for test class [com.example.ac1p2.Ac1p2ApplicationTests]: Ac1p2ApplicationTests does not declare any static, non-private, non-final, nested classes annotated with @Configuration.
20:58:41.680 [main] INFO org.springframework.boot.test.context.SpringBootTestContextBootstrapper -- Found @SpringBootConfiguration com.example.ac1p2.Ac1p2Application for test class com.example.ac1p2.Ac1p2ApplicationTests

  .   ____          _            __ _ _
 /\\ / ___'_ __ _ _(_)_ __  __ _ \ \ \ \
( ( )\___ | '_ | '_| | '_ \/ _` | \ \ \ \
 \\/  ___)| |_)| | | | | || (_| |  ) ) ) )
  '  |____| .__|_| |_|_| |_\__, | / / / /
 =========|_|==============|___/=/_/_/_/

 :: Spring Boot ::                (v4.1.1)

2026-09-16T20:58:42.425-03:00  INFO 18228 --- [ac1p2] [           main] c.example.ac1p2.Ac1p2ApplicationTests    : Starting Ac1p2ApplicationTests using Java 25.0.1 with PID 18228 (started by Miguel in C:\Users\Miguel\OneDrive\Desktop\Aula Back-End\AC1 2\ac1p2)
2026-09-16T20:58:42.436-03:00  INFO 18228 --- [ac1p2] [           main] c.example.ac1p2.Ac1p2ApplicationTests    : No active profile set, falling back to 1 default profile: "default"
2026-09-16T20:58:43.796-03:00  INFO 18228 --- [ac1p2] [           main] .s.d.r.c.RepositoryConfigurationDelegate : Bootstrapping Spring Data JPA repositories in DEFAULT mode.
2026-09-16T20:58:43.889-03:00  INFO 18228 --- [ac1p2] [           main] .s.d.r.c.RepositoryConfigurationDelegate : Finished Spring Data repository scanning in 78 ms. Found 2 JPA repository interfaces.
2026-09-16T20:58:44.647-03:00  INFO 18228 --- [ac1p2] [           main] org.hibernate.orm.jpa                    : HHH008540: Processing PersistenceUnitInfo [name: default]
2026-09-16T20:58:44.805-03:00  INFO 18228 --- [ac1p2] [           main] org.hibernate.orm.core                   : HHH000001: Hibernate ORM core version 7.4.5.Final
2026-09-16T20:58:45.790-03:00  INFO 18228 --- [ac1p2] [           main] o.s.o.j.p.SpringPersistenceUnitInfo      : No LoadTimeWeaver setup: ignoring JPA class transformer
2026-09-16T20:58:45.836-03:00  INFO 18228 --- [ac1p2] [           main] com.zaxxer.hikari.HikariDataSource       : HikariPool-1 - Starting...
2026-09-16T20:58:46.267-03:00  INFO 18228 --- [ac1p2] [           main] com.zaxxer.hikari.pool.HikariPool        : HikariPool-1 - Added connection conn0: url=jdbc:h2:mem:ac1db user=BD
2026-09-16T20:58:46.273-03:00  INFO 18228 --- [ac1p2] [           main] com.zaxxer.hikari.HikariDataSource       : HikariPool-1 - Start completed.
2026-09-16T20:58:46.328-03:00  WARN 18228 --- [ac1p2] [           main] org.hibernate.orm.deprecation            : HHH90000025: H2Dialect does not need to be specified explicitly using 'hibernate.dialect' (remove the property setting and it will be selected by default)
2026-09-16T20:58:46.399-03:00  INFO 18228 --- [ac1p2] [           main] org.hibernate.orm.connections.pooling    : HHH10001005: Database info:
	Database JDBC URL [jdbc:h2:mem:ac1db]
	Database driver: H2 JDBC Driver
	Database dialect: H2Dialect
	Database version: 2.4.240
	Default catalog/schema: AC1DB/PUBLIC
	Autocommit mode: undefined/unknown
	Isolation level: READ_COMMITTED [default READ_COMMITTED]
	JDBC fetch size: 100
	Pool: DataSourceConnectionProvider
	Minimum pool size: undefined/unknown
	Maximum pool size: undefined/unknown
2026-09-16T20:58:47.563-03:00  INFO 18228 --- [ac1p2] [           main] org.hibernate.orm.core                   : HHH000489: No JTA platform available (set 'hibernate.transaction.jta.platform' to enable JTA platform integration)
Hibernate: create table diretor (id bigint generated by default as identity, nome varchar(255), primary key (id))
Hibernate: create table filme (id bigint generated by default as identity, duracao integer, titulo varchar(255), diretor_id bigint, primary key (id))
Hibernate: alter table if exists filme add constraint FKs77pnrgth379pum02tyqls55c foreign key (diretor_id) references diretor
2026-09-16T20:58:47.644-03:00  INFO 18228 --- [ac1p2] [           main] j.LocalContainerEntityManagerFactoryBean : Initialized JPA EntityManagerFactory for persistence unit 'default'
2026-09-16T20:58:47.793-03:00  WARN 18228 --- [ac1p2] [           main] JpaBaseConfiguration$JpaWebConfiguration : spring.jpa.open-in-view is enabled by default. Therefore, database queries may be performed during view rendering. Explicitly configure spring.jpa.open-in-view to disable this warning
2026-09-16T20:58:48.819-03:00  INFO 18228 --- [ac1p2] [           main] o.s.d.j.r.query.QueryEnhancerFactories   : Hibernate is in classpath; If applicable, HQL parser will be used.
2026-09-16T20:58:49.228-03:00  INFO 18228 --- [ac1p2] [           main] o.s.b.h.a.H2ConsoleAutoConfiguration     : H2 console available at '/h2-console'. Database available at 'jdbc:h2:mem:ac1db'
2026-09-16T20:58:49.418-03:00  INFO 18228 --- [ac1p2] [           main] c.example.ac1p2.Ac1p2ApplicationTests    : Started Ac1p2ApplicationTests in 7.604 seconds (process running for 9.721)
]]></system-out>
    <system-err><![CDATA[Mockito is currently self-attaching to enable the inline-mock-maker. This will no longer work in future releases of the JDK. Please add Mockito as an agent to your build as described in Mockito's documentation: https://javadoc.io/doc/org.mockito/mockito-core/latest/org.mockito/org/mockito/Mockito.html#0.3
WARNING: A Java agent has been loaded dynamically (C:\Users\Miguel\.m2\repository\net\bytebuddy\byte-buddy-agent\1.18.11\byte-buddy-agent-1.18.11.jar)
WARNING: If a serviceability tool is in use, please run with -XX:+EnableDynamicAgentLoading to hide this warning
WARNING: If a serviceability tool is not in use, please run with -Djdk.instrument.traceUsage for more information
WARNING: Dynamic loading of agents will be disallowed by default in a future release
]]></system-err>
  </testcase>
</testsuite>